INFO  23-06-24 15:26:06[main] [BoardApplication:55] - Starting BoardApplication using Java 19.0.1 on DESKTOP-L6DFRQA with PID 10920 (C:\Users\Heo\Spring\board\out\production\classes started by Heo in C:\Users\Heo\Spring\board)
INFO  23-06-24 15:26:06[main] [BoardApplication:659] - No active profile set, falling back to default profiles: default
INFO  23-06-24 15:26:06[main] [RepositoryConfigurationDelegate:132] - Bootstrapping Spring Data JPA repositories in DEFAULT mode.
INFO  23-06-24 15:26:06[main] [RepositoryConfigurationDelegate:201] - Finished Spring Data repository scanning in 43 ms. Found 1 JPA repository interfaces.
INFO  23-06-24 15:26:07[main] [TomcatWebServer:108] - Tomcat initialized with port(s): 8080 (http)
INFO  23-06-24 15:26:07[main] [Http11NioProtocol:173] - Initializing ProtocolHandler ["http-nio-8080"]
INFO  23-06-24 15:26:07[main] [StandardService:173] - Starting service [Tomcat]
INFO  23-06-24 15:26:07[main] [StandardEngine:173] - Starting Servlet engine: [Apache Tomcat/9.0.52]
INFO  23-06-24 15:26:07[main] [[/]:173] - Initializing Spring embedded WebApplicationContext
INFO  23-06-24 15:26:07[main] [ServletWebServerApplicationContext:290] - Root WebApplicationContext: initialization completed in 1346 ms
INFO  23-06-24 15:26:07[main] [HikariDataSource:110] - HikariPool-1 - Starting...
INFO  23-06-24 15:26:07[main] [HikariDataSource:123] - HikariPool-1 - Start completed.
INFO  23-06-24 15:26:07[main] [LogHelper:31] - HHH000204: Processing PersistenceUnitInfo [name: default]
INFO  23-06-24 15:26:07[main] [Version:44] - HHH000412: Hibernate ORM core version 5.4.32.Final
INFO  23-06-24 15:26:08[main] [Version:56] - HCANN000001: Hibernate Commons Annotations {5.1.2.Final}
INFO  23-06-24 15:26:08[main] [Dialect:175] - HHH000400: Using dialect: org.hibernate.dialect.MariaDB53Dialect
INFO  23-06-24 15:26:08[main] [JtaPlatformInitiator:52] - HHH000490: Using JtaPlatform implementation: [org.hibernate.engine.transaction.jta.platform.internal.NoJtaPlatform]
INFO  23-06-24 15:26:08[main] [LocalContainerEntityManagerFactoryBean:437] - Initialized JPA EntityManagerFactory for persistence unit 'default'
WARN  23-06-24 15:26:09[main] [JpaBaseConfiguration$JpaWebConfiguration:219] - spring.jpa.open-in-view is enabled by default. Therefore, database queries may be performed during view rendering. Explicitly configure spring.jpa.open-in-view to disable this warning
INFO  23-06-24 15:26:09[main] [Http11NioProtocol:173] - Starting ProtocolHandler ["http-nio-8080"]
INFO  23-06-24 15:26:09[main] [TomcatWebServer:220] - Tomcat started on port(s): 8080 (http) with context path ''
INFO  23-06-24 15:26:09[main] [BoardApplication:61] - Started BoardApplication in 3.829 seconds (JVM running for 4.587)
INFO  23-06-24 15:26:17[http-nio-8080-exec-1] [[/]:173] - Initializing Spring DispatcherServlet 'dispatcherServlet'
INFO  23-06-24 15:26:17[http-nio-8080-exec-1] [DispatcherServlet:525] - Initializing Servlet 'dispatcherServlet'
INFO  23-06-24 15:26:17[http-nio-8080-exec-1] [DispatcherServlet:547] - Completed initialization in 1 ms
ERROR 23-06-24 15:33:14[http-nio-8080-exec-1] [[dispatcherServlet]:175] - Servlet.service() for servlet [dispatcherServlet] in context with path [] threw exception [Request processing failed; nested exception is org.springframework.dao.InvalidDataAccessApiUsageException: The given id must not be null!; nested exception is java.lang.IllegalArgumentException: The given id must not be null!] with root cause
java.lang.IllegalArgumentException: The given id must not be null!
	at org.springframework.util.Assert.notNull(Assert.java:201)
	at org.springframework.data.jpa.repository.support.SimpleJpaRepository.findById(SimpleJpaRepository.java:297)
	at java.base/jdk.internal.reflect.DirectMethodHandleAccessor.invoke(DirectMethodHandleAccessor.java:104)
	at java.base/java.lang.reflect.Method.invoke(Method.java:578)
	at org.springframework.data.repository.core.support.RepositoryMethodInvoker$RepositoryFragmentMethodInvoker.lambda$new$0(RepositoryMethodInvoker.java:289)
	at org.springframework.data.repository.core.support.RepositoryMethodInvoker.doInvoke(RepositoryMethodInvoker.java:137)
	at org.springframework.data.repository.core.support.RepositoryMethodInvoker.invoke(RepositoryMethodInvoker.java:121)
	at org.springframework.data.repository.core.support.RepositoryComposition$RepositoryFragments.invoke(RepositoryComposition.java:529)
	at org.springframework.data.repository.core.support.RepositoryComposition.invoke(RepositoryComposition.java:285)
	at org.springframework.data.repository.core.support.RepositoryFactorySupport$ImplementationMethodExecutionInterceptor.invoke(RepositoryFactorySupport.java:599)
	at org.springframework.aop.framework.ReflectiveMethodInvocation.proceed(ReflectiveMethodInvocation.java:186)
	at org.springframework.data.repository.core.support.QueryExecutorMethodInterceptor.doInvoke(QueryExecutorMethodInterceptor.java:163)
	at org.springframework.data.repository.core.support.QueryExecutorMethodInterceptor.invoke(QueryExecutorMethodInterceptor.java:138)
	at org.springframework.aop.framework.ReflectiveMethodInvocation.proceed(ReflectiveMethodInvocation.java:186)
	at org.springframework.data.projection.DefaultMethodInvokingMethodInterceptor.invoke(DefaultMethodInvokingMethodInterceptor.java:80)
	at org.springframework.aop.framework.ReflectiveMethodInvocation.proceed(ReflectiveMethodInvocation.java:186)
	at org.springframework.transaction.interceptor.TransactionInterceptor$1.proceedWithInvocation(TransactionInterceptor.java:123)
	at org.springframework.transaction.interceptor.TransactionAspectSupport.invokeWithinTransaction(TransactionAspectSupport.java:388)
	at org.springframework.transaction.interceptor.TransactionInterceptor.invoke(TransactionInterceptor.java:119)
	at org.springframework.aop.framework.ReflectiveMethodInvocation.proceed(ReflectiveMethodInvocation.java:186)
	at org.springframework.dao.support.PersistenceExceptionTranslationInterceptor.invoke(PersistenceExceptionTranslationInterceptor.java:137)
	at org.springframework.aop.framework.ReflectiveMethodInvocation.proceed(ReflectiveMethodInvocation.java:186)
	at org.springframework.data.jpa.repository.support.CrudMethodMetadataPostProcessor$CrudMethodMetadataPopulatingMethodInterceptor.invoke(CrudMethodMetadataPostProcessor.java:174)
	at org.springframework.aop.framework.ReflectiveMethodInvocation.proceed(ReflectiveMethodInvocation.java:186)
	at org.springframework.aop.interceptor.ExposeInvocationInterceptor.invoke(ExposeInvocationInterceptor.java:97)
	at org.springframework.aop.framework.ReflectiveMethodInvocation.proceed(ReflectiveMethodInvocation.java:186)
	at org.springframework.aop.framework.JdkDynamicAopProxy.invoke(JdkDynamicAopProxy.java:215)
	at jdk.proxy2/jdk.proxy2.$Proxy87.findById(Unknown Source)
	at com.studyproject.board.service.BoardService.boardView(BoardService.java:47)
	at com.studyproject.board.controller.BoardController.boardView(BoardController.java:66)
	at java.base/jdk.internal.reflect.DirectMethodHandleAccessor.invoke(DirectMethodHandleAccessor.java:104)
	at java.base/java.lang.reflect.Method.invoke(Method.java:578)
	at org.springframework.web.method.support.InvocableHandlerMethod.doInvoke(InvocableHandlerMethod.java:197)
	at org.springframework.web.method.support.InvocableHandlerMethod.invokeForRequest(InvocableHandlerMethod.java:141)
	at org.springframework.web.servlet.mvc.method.annotation.ServletInvocableHandlerMethod.invokeAndHandle(ServletInvocableHandlerMethod.java:106)
	at org.springframework.web.servlet.mvc.method.annotation.RequestMappingHandlerAdapter.invokeHandlerMethod(RequestMappingHandlerAdapter.java:895)
	at org.springframework.web.servlet.mvc.method.annotation.RequestMappingHandlerAdapter.handleInternal(RequestMappingHandlerAdapter.java:808)
	at org.springframework.web.servlet.mvc.method.AbstractHandlerMethodAdapter.handle(AbstractHandlerMethodAdapter.java:87)
	at org.springframework.web.servlet.DispatcherServlet.doDispatch(DispatcherServlet.java:1064)
	at org.springframework.web.servlet.DispatcherServlet.doService(DispatcherServlet.java:963)
	at org.springframework.web.servlet.FrameworkServlet.processRequest(FrameworkServlet.java:1006)
	at org.springframework.web.servlet.FrameworkServlet.doGet(FrameworkServlet.java:898)
	at javax.servlet.http.HttpServlet.service(HttpServlet.java:655)
	at org.springframework.web.servlet.FrameworkServlet.service(FrameworkServlet.java:883)
	at javax.servlet.http.HttpServlet.service(HttpServlet.java:764)
	at org.apache.catalina.core.ApplicationFilterChain.internalDoFilter(ApplicationFilterChain.java:227)
	at org.apache.catalina.core.ApplicationFilterChain.doFilter(ApplicationFilterChain.java:162)
	at org.apache.tomcat.websocket.server.WsFilter.doFilter(WsFilter.java:53)
	at org.apache.catalina.core.ApplicationFilterChain.internalDoFilter(ApplicationFilterChain.java:189)
	at org.apache.catalina.core.ApplicationFilterChain.doFilter(ApplicationFilterChain.java:162)
	at org.springframework.web.filter.RequestContextFilter.doFilterInternal(RequestContextFilter.java:100)
	at org.springframework.web.filter.OncePerRequestFilter.doFilter(OncePerRequestFilter.java:119)
	at org.apache.catalina.core.ApplicationFilterChain.internalDoFilter(ApplicationFilterChain.java:189)
	at org.apache.catalina.core.ApplicationFilterChain.doFilter(ApplicationFilterChain.java:162)
	at org.springframework.web.filter.FormContentFilter.doFilterInternal(FormContentFilter.java:93)
	at org.springframework.web.filter.OncePerRequestFilter.doFilter(OncePerRequestFilter.java:119)
	at org.apache.catalina.core.ApplicationFilterChain.internalDoFilter(ApplicationFilterChain.java:189)
	at org.apache.catalina.core.ApplicationFilterChain.doFilter(ApplicationFilterChain.java:162)
	at org.springframework.web.filter.CharacterEncodingFilter.doFilterInternal(CharacterEncodingFilter.java:201)
	at org.springframework.web.filter.OncePerRequestFilter.doFilter(OncePerRequestFilter.java:119)
	at org.apache.catalina.core.ApplicationFilterChain.internalDoFilter(ApplicationFilterChain.java:189)
	at org.apache.catalina.core.ApplicationFilterChain.doFilter(ApplicationFilterChain.java:162)
	at org.apache.catalina.core.StandardWrapperValve.invoke(StandardWrapperValve.java:197)
	at org.apache.catalina.core.StandardContextValve.invoke(StandardContextValve.java:97)
	at org.apache.catalina.authenticator.AuthenticatorBase.invoke(AuthenticatorBase.java:542)
	at org.apache.catalina.core.StandardHostValve.invoke(StandardHostValve.java:135)
	at org.apache.catalina.valves.ErrorReportValve.invoke(ErrorReportValve.java:92)
	at org.apache.catalina.core.StandardEngineValve.invoke(StandardEngineValve.java:78)
	at org.apache.catalina.connector.CoyoteAdapter.service(CoyoteAdapter.java:357)
	at org.apache.coyote.http11.Http11Processor.service(Http11Processor.java:382)
	at org.apache.coyote.AbstractProcessorLight.process(AbstractProcessorLight.java:65)
	at org.apache.coyote.AbstractProtocol$ConnectionHandler.process(AbstractProtocol.java:893)
	at org.apache.tomcat.util.net.NioEndpoint$SocketProcessor.doRun(NioEndpoint.java:1726)
	at org.apache.tomcat.util.net.SocketProcessorBase.run(SocketProcessorBase.java:49)
	at org.apache.tomcat.util.threads.ThreadPoolExecutor.runWorker(ThreadPoolExecutor.java:1191)
	at org.apache.tomcat.util.threads.ThreadPoolExecutor$Worker.run(ThreadPoolExecutor.java:659)
	at org.apache.tomcat.util.threads.TaskThread$WrappingRunnable.run(TaskThread.java:61)
	at java.base/java.lang.Thread.run(Thread.java:1589)
INFO  23-06-24 15:35:25[SpringApplicationShutdownHook] [LocalContainerEntityManagerFactoryBean:651] - Closing JPA EntityManagerFactory for persistence unit 'default'
INFO  23-06-24 15:35:25[SpringApplicationShutdownHook] [HikariDataSource:350] - HikariPool-1 - Shutdown initiated...
INFO  23-06-24 15:35:25[SpringApplicationShutdownHook] [HikariDataSource:352] - HikariPool-1 - Shutdown completed.
INFO  23-06-24 15:35:28[main] [BoardApplication:55] - Starting BoardApplication using Java 19.0.1 on DESKTOP-L6DFRQA with PID 12852 (C:\Users\Heo\Spring\board\out\production\classes started by Heo in C:\Users\Heo\Spring\board)
INFO  23-06-24 15:35:28[main] [BoardApplication:659] - No active profile set, falling back to default profiles: default
INFO  23-06-24 15:35:29[main] [RepositoryConfigurationDelegate:132] - Bootstrapping Spring Data JPA repositories in DEFAULT mode.
INFO  23-06-24 15:35:29[main] [RepositoryConfigurationDelegate:201] - Finished Spring Data repository scanning in 32 ms. Found 1 JPA repository interfaces.
INFO  23-06-24 15:35:29[main] [TomcatWebServer:108] - Tomcat initialized with port(s): 8080 (http)
INFO  23-06-24 15:35:29[main] [Http11NioProtocol:173] - Initializing ProtocolHandler ["http-nio-8080"]
INFO  23-06-24 15:35:29[main] [StandardService:173] - Starting service [Tomcat]
INFO  23-06-24 15:35:29[main] [StandardEngine:173] - Starting Servlet engine: [Apache Tomcat/9.0.52]
INFO  23-06-24 15:35:29[main] [[/]:173] - Initializing Spring embedded WebApplicationContext
INFO  23-06-24 15:35:29[main] [ServletWebServerApplicationContext:290] - Root WebApplicationContext: initialization completed in 1145 ms
INFO  23-06-24 15:35:30[main] [HikariDataSource:110] - HikariPool-1 - Starting...
INFO  23-06-24 15:35:30[main] [HikariDataSource:123] - HikariPool-1 - Start completed.
INFO  23-06-24 15:35:30[main] [LogHelper:31] - HHH000204: Processing PersistenceUnitInfo [name: default]
INFO  23-06-24 15:35:30[main] [Version:44] - HHH000412: Hibernate ORM core version 5.4.32.Final
INFO  23-06-24 15:35:30[main] [Version:56] - HCANN000001: Hibernate Commons Annotations {5.1.2.Final}
INFO  23-06-24 15:35:30[main] [Dialect:175] - HHH000400: Using dialect: org.hibernate.dialect.MariaDB53Dialect
INFO  23-06-24 15:35:30[main] [JtaPlatformInitiator:52] - HHH000490: Using JtaPlatform implementation: [org.hibernate.engine.transaction.jta.platform.internal.NoJtaPlatform]
INFO  23-06-24 15:35:30[main] [LocalContainerEntityManagerFactoryBean:437] - Initialized JPA EntityManagerFactory for persistence unit 'default'
WARN  23-06-24 15:35:31[main] [JpaBaseConfiguration$JpaWebConfiguration:219] - spring.jpa.open-in-view is enabled by default. Therefore, database queries may be performed during view rendering. Explicitly configure spring.jpa.open-in-view to disable this warning
INFO  23-06-24 15:35:31[main] [Http11NioProtocol:173] - Starting ProtocolHandler ["http-nio-8080"]
INFO  23-06-24 15:35:31[main] [TomcatWebServer:220] - Tomcat started on port(s): 8080 (http) with context path ''
INFO  23-06-24 15:35:31[main] [BoardApplication:61] - Started BoardApplication in 3.189 seconds (JVM running for 3.753)
INFO  23-06-24 15:35:37[http-nio-8080-exec-1] [[/]:173] - Initializing Spring DispatcherServlet 'dispatcherServlet'
INFO  23-06-24 15:35:37[http-nio-8080-exec-1] [DispatcherServlet:525] - Initializing Servlet 'dispatcherServlet'
INFO  23-06-24 15:35:37[http-nio-8080-exec-1] [DispatcherServlet:547] - Completed initialization in 1 ms
INFO  23-06-24 15:38:39[SpringApplicationShutdownHook] [LocalContainerEntityManagerFactoryBean:651] - Closing JPA EntityManagerFactory for persistence unit 'default'
INFO  23-06-24 15:38:39[SpringApplicationShutdownHook] [HikariDataSource:350] - HikariPool-1 - Shutdown initiated...
INFO  23-06-24 15:38:39[SpringApplicationShutdownHook] [HikariDataSource:352] - HikariPool-1 - Shutdown completed.
INFO  23-06-24 15:38:41[main] [BoardApplication:55] - Starting BoardApplication using Java 19.0.1 on DESKTOP-L6DFRQA with PID 15340 (C:\Users\Heo\Spring\board\out\production\classes started by Heo in C:\Users\Heo\Spring\board)
INFO  23-06-24 15:38:41[main] [BoardApplication:659] - No active profile set, falling back to default profiles: default
INFO  23-06-24 15:38:42[main] [RepositoryConfigurationDelegate:132] - Bootstrapping Spring Data JPA repositories in DEFAULT mode.
INFO  23-06-24 15:38:42[main] [RepositoryConfigurationDelegate:201] - Finished Spring Data repository scanning in 32 ms. Found 1 JPA repository interfaces.
INFO  23-06-24 15:38:42[main] [TomcatWebServer:108] - Tomcat initialized with port(s): 8080 (http)
INFO  23-06-24 15:38:42[main] [Http11NioProtocol:173] - Initializing ProtocolHandler ["http-nio-8080"]
INFO  23-06-24 15:38:42[main] [StandardService:173] - Starting service [Tomcat]
INFO  23-06-24 15:38:42[main] [StandardEngine:173] - Starting Servlet engine: [Apache Tomcat/9.0.52]
INFO  23-06-24 15:38:43[main] [[/]:173] - Initializing Spring embedded WebApplicationContext
INFO  23-06-24 15:38:43[main] [ServletWebServerApplicationContext:290] - Root WebApplicationContext: initialization completed in 1163 ms
INFO  23-06-24 15:38:43[main] [HikariDataSource:110] - HikariPool-1 - Starting...
INFO  23-06-24 15:38:43[main] [HikariDataSource:123] - HikariPool-1 - Start completed.
INFO  23-06-24 15:38:43[main] [LogHelper:31] - HHH000204: Processing PersistenceUnitInfo [name: default]
INFO  23-06-24 15:38:43[main] [Version:44] - HHH000412: Hibernate ORM core version 5.4.32.Final
INFO  23-06-24 15:38:43[main] [Version:56] - HCANN000001: Hibernate Commons Annotations {5.1.2.Final}
INFO  23-06-24 15:38:43[main] [Dialect:175] - HHH000400: Using dialect: org.hibernate.dialect.MariaDB53Dialect
INFO  23-06-24 15:38:43[main] [JtaPlatformInitiator:52] - HHH000490: Using JtaPlatform implementation: [org.hibernate.engine.transaction.jta.platform.internal.NoJtaPlatform]
INFO  23-06-24 15:38:43[main] [LocalContainerEntityManagerFactoryBean:437] - Initialized JPA EntityManagerFactory for persistence unit 'default'
WARN  23-06-24 15:38:44[main] [JpaBaseConfiguration$JpaWebConfiguration:219] - spring.jpa.open-in-view is enabled by default. Therefore, database queries may be performed during view rendering. Explicitly configure spring.jpa.open-in-view to disable this warning
INFO  23-06-24 15:38:44[main] [Http11NioProtocol:173] - Starting ProtocolHandler ["http-nio-8080"]
INFO  23-06-24 15:38:44[main] [TomcatWebServer:220] - Tomcat started on port(s): 8080 (http) with context path ''
INFO  23-06-24 15:38:44[main] [BoardApplication:61] - Started BoardApplication in 3.209 seconds (JVM running for 3.79)
INFO  23-06-24 15:38:47[http-nio-8080-exec-1] [[/]:173] - Initializing Spring DispatcherServlet 'dispatcherServlet'
INFO  23-06-24 15:38:47[http-nio-8080-exec-1] [DispatcherServlet:525] - Initializing Servlet 'dispatcherServlet'
INFO  23-06-24 15:38:47[http-nio-8080-exec-1] [DispatcherServlet:547] - Completed initialization in 1 ms
INFO  23-06-24 15:42:59[SpringApplicationShutdownHook] [LocalContainerEntityManagerFactoryBean:651] - Closing JPA EntityManagerFactory for persistence unit 'default'
INFO  23-06-24 15:42:59[SpringApplicationShutdownHook] [HikariDataSource:350] - HikariPool-1 - Shutdown initiated...
INFO  23-06-24 15:42:59[SpringApplicationShutdownHook] [HikariDataSource:352] - HikariPool-1 - Shutdown completed.
INFO  23-06-24 15:43:01[main] [BoardApplication:55] - Starting BoardApplication using Java 19.0.1 on DESKTOP-L6DFRQA with PID 14952 (C:\Users\Heo\Spring\board\out\production\classes started by Heo in C:\Users\Heo\Spring\board)
INFO  23-06-24 15:43:01[main] [BoardApplication:659] - No active profile set, falling back to default profiles: default
INFO  23-06-24 15:43:02[main] [RepositoryConfigurationDelegate:132] - Bootstrapping Spring Data JPA repositories in DEFAULT mode.
INFO  23-06-24 15:43:02[main] [RepositoryConfigurationDelegate:201] - Finished Spring Data repository scanning in 31 ms. Found 1 JPA repository interfaces.
INFO  23-06-24 15:43:02[main] [TomcatWebServer:108] - Tomcat initialized with port(s): 8080 (http)
INFO  23-06-24 15:43:02[main] [Http11NioProtocol:173] - Initializing ProtocolHandler ["http-nio-8080"]
INFO  23-06-24 15:43:02[main] [StandardService:173] - Starting service [Tomcat]
INFO  23-06-24 15:43:02[main] [StandardEngine:173] - Starting Servlet engine: [Apache Tomcat/9.0.52]
INFO  23-06-24 15:43:02[main] [[/]:173] - Initializing Spring embedded WebApplicationContext
INFO  23-06-24 15:43:02[main] [ServletWebServerApplicationContext:290] - Root WebApplicationContext: initialization completed in 1133 ms
INFO  23-06-24 15:43:02[main] [HikariDataSource:110] - HikariPool-1 - Starting...
INFO  23-06-24 15:43:02[main] [HikariDataSource:123] - HikariPool-1 - Start completed.
INFO  23-06-24 15:43:02[main] [LogHelper:31] - HHH000204: Processing PersistenceUnitInfo [name: default]
INFO  23-06-24 15:43:03[main] [Version:44] - HHH000412: Hibernate ORM core version 5.4.32.Final
INFO  23-06-24 15:43:03[main] [Version:56] - HCANN000001: Hibernate Commons Annotations {5.1.2.Final}
INFO  23-06-24 15:43:03[main] [Dialect:175] - HHH000400: Using dialect: org.hibernate.dialect.MariaDB53Dialect
INFO  23-06-24 15:43:03[main] [JtaPlatformInitiator:52] - HHH000490: Using JtaPlatform implementation: [org.hibernate.engine.transaction.jta.platform.internal.NoJtaPlatform]
INFO  23-06-24 15:43:03[main] [LocalContainerEntityManagerFactoryBean:437] - Initialized JPA EntityManagerFactory for persistence unit 'default'
WARN  23-06-24 15:43:03[main] [JpaBaseConfiguration$JpaWebConfiguration:219] - spring.jpa.open-in-view is enabled by default. Therefore, database queries may be performed during view rendering. Explicitly configure spring.jpa.open-in-view to disable this warning
INFO  23-06-24 15:43:04[main] [Http11NioProtocol:173] - Starting ProtocolHandler ["http-nio-8080"]
INFO  23-06-24 15:43:04[main] [TomcatWebServer:220] - Tomcat started on port(s): 8080 (http) with context path ''
INFO  23-06-24 15:43:04[main] [BoardApplication:61] - Started BoardApplication in 3.178 seconds (JVM running for 3.899)
INFO  23-06-24 15:43:10[http-nio-8080-exec-1] [[/]:173] - Initializing Spring DispatcherServlet 'dispatcherServlet'
INFO  23-06-24 15:43:10[http-nio-8080-exec-1] [DispatcherServlet:525] - Initializing Servlet 'dispatcherServlet'
INFO  23-06-24 15:43:10[http-nio-8080-exec-1] [DispatcherServlet:547] - Completed initialization in 1 ms
INFO  23-06-24 15:49:20[SpringApplicationShutdownHook] [LocalContainerEntityManagerFactoryBean:651] - Closing JPA EntityManagerFactory for persistence unit 'default'
INFO  23-06-24 15:49:20[SpringApplicationShutdownHook] [HikariDataSource:350] - HikariPool-1 - Shutdown initiated...
INFO  23-06-24 15:49:20[SpringApplicationShutdownHook] [HikariDataSource:352] - HikariPool-1 - Shutdown completed.
INFO  23-06-24 15:49:22[main] [BoardApplication:55] - Starting BoardApplication using Java 19.0.1 on DESKTOP-L6DFRQA with PID 5168 (C:\Users\Heo\Spring\board\out\production\classes started by Heo in C:\Users\Heo\Spring\board)
INFO  23-06-24 15:49:22[main] [BoardApplication:659] - No active profile set, falling back to default profiles: default
INFO  23-06-24 15:49:23[main] [RepositoryConfigurationDelegate:132] - Bootstrapping Spring Data JPA repositories in DEFAULT mode.
INFO  23-06-24 15:49:23[main] [RepositoryConfigurationDelegate:201] - Finished Spring Data repository scanning in 31 ms. Found 1 JPA repository interfaces.
INFO  23-06-24 15:49:23[main] [TomcatWebServer:108] - Tomcat initialized with port(s): 8080 (http)
INFO  23-06-24 15:49:23[main] [Http11NioProtocol:173] - Initializing ProtocolHandler ["http-nio-8080"]
INFO  23-06-24 15:49:23[main] [StandardService:173] - Starting service [Tomcat]
INFO  23-06-24 15:49:23[main] [StandardEngine:173] - Starting Servlet engine: [Apache Tomcat/9.0.52]
INFO  23-06-24 15:49:23[main] [[/]:173] - Initializing Spring embedded WebApplicationContext
INFO  23-06-24 15:49:23[main] [ServletWebServerApplicationContext:290] - Root WebApplicationContext: initialization completed in 1123 ms
INFO  23-06-24 15:49:23[main] [HikariDataSource:110] - HikariPool-1 - Starting...
INFO  23-06-24 15:49:23[main] [HikariDataSource:123] - HikariPool-1 - Start completed.
INFO  23-06-24 15:49:23[main] [LogHelper:31] - HHH000204: Processing PersistenceUnitInfo [name: default]
INFO  23-06-24 15:49:23[main] [Version:44] - HHH000412: Hibernate ORM core version 5.4.32.Final
INFO  23-06-24 15:49:24[main] [Version:56] - HCANN000001: Hibernate Commons Annotations {5.1.2.Final}
INFO  23-06-24 15:49:24[main] [Dialect:175] - HHH000400: Using dialect: org.hibernate.dialect.MariaDB53Dialect
INFO  23-06-24 15:49:24[main] [JtaPlatformInitiator:52] - HHH000490: Using JtaPlatform implementation: [org.hibernate.engine.transaction.jta.platform.internal.NoJtaPlatform]
INFO  23-06-24 15:49:24[main] [LocalContainerEntityManagerFactoryBean:437] - Initialized JPA EntityManagerFactory for persistence unit 'default'
WARN  23-06-24 15:49:24[main] [JpaBaseConfiguration$JpaWebConfiguration:219] - spring.jpa.open-in-view is enabled by default. Therefore, database queries may be performed during view rendering. Explicitly configure spring.jpa.open-in-view to disable this warning
INFO  23-06-24 15:49:25[main] [Http11NioProtocol:173] - Starting ProtocolHandler ["http-nio-8080"]
INFO  23-06-24 15:49:25[main] [TomcatWebServer:220] - Tomcat started on port(s): 8080 (http) with context path ''
INFO  23-06-24 15:49:25[main] [BoardApplication:61] - Started BoardApplication in 3.175 seconds (JVM running for 3.921)
INFO  23-06-24 15:49:28[http-nio-8080-exec-1] [[/]:173] - Initializing Spring DispatcherServlet 'dispatcherServlet'
INFO  23-06-24 15:49:28[http-nio-8080-exec-1] [DispatcherServlet:525] - Initializing Servlet 'dispatcherServlet'
INFO  23-06-24 15:49:28[http-nio-8080-exec-1] [DispatcherServlet:547] - Completed initialization in 0 ms
INFO  23-06-24 15:50:00[SpringApplicationShutdownHook] [LocalContainerEntityManagerFactoryBean:651] - Closing JPA EntityManagerFactory for persistence unit 'default'
INFO  23-06-24 15:50:00[SpringApplicationShutdownHook] [HikariDataSource:350] - HikariPool-1 - Shutdown initiated...
INFO  23-06-24 15:50:00[SpringApplicationShutdownHook] [HikariDataSource:352] - HikariPool-1 - Shutdown completed.
INFO  23-06-24 15:50:02[main] [BoardApplication:55] - Starting BoardApplication using Java 19.0.1 on DESKTOP-L6DFRQA with PID 7380 (C:\Users\Heo\Spring\board\out\production\classes started by Heo in C:\Users\Heo\Spring\board)
INFO  23-06-24 15:50:02[main] [BoardApplication:659] - No active profile set, falling back to default profiles: default
INFO  23-06-24 15:50:03[main] [RepositoryConfigurationDelegate:132] - Bootstrapping Spring Data JPA repositories in DEFAULT mode.
INFO  23-06-24 15:50:03[main] [RepositoryConfigurationDelegate:201] - Finished Spring Data repository scanning in 31 ms. Found 1 JPA repository interfaces.
INFO  23-06-24 15:50:03[main] [TomcatWebServer:108] - Tomcat initialized with port(s): 8080 (http)
INFO  23-06-24 15:50:03[main] [Http11NioProtocol:173] - Initializing ProtocolHandler ["http-nio-8080"]
INFO  23-06-24 15:50:03[main] [StandardService:173] - Starting service [Tomcat]
INFO  23-06-24 15:50:03[main] [StandardEngine:173] - Starting Servlet engine: [Apache Tomcat/9.0.52]
INFO  23-06-24 15:50:03[main] [[/]:173] - Initializing Spring embedded WebApplicationContext
INFO  23-06-24 15:50:03[main] [ServletWebServerApplicationContext:290] - Root WebApplicationContext: initialization completed in 1134 ms
INFO  23-06-24 15:50:03[main] [HikariDataSource:110] - HikariPool-1 - Starting...
INFO  23-06-24 15:50:04[main] [HikariDataSource:123] - HikariPool-1 - Start completed.
INFO  23-06-24 15:50:04[main] [LogHelper:31] - HHH000204: Processing PersistenceUnitInfo [name: default]
INFO  23-06-24 15:50:04[main] [Version:44] - HHH000412: Hibernate ORM core version 5.4.32.Final
INFO  23-06-24 15:50:04[main] [Version:56] - HCANN000001: Hibernate Commons Annotations {5.1.2.Final}
INFO  23-06-24 15:50:04[main] [Dialect:175] - HHH000400: Using dialect: org.hibernate.dialect.MariaDB53Dialect
INFO  23-06-24 15:50:04[main] [JtaPlatformInitiator:52] - HHH000490: Using JtaPlatform implementation: [org.hibernate.engine.transaction.jta.platform.internal.NoJtaPlatform]
INFO  23-06-24 15:50:04[main] [LocalContainerEntityManagerFactoryBean:437] - Initialized JPA EntityManagerFactory for persistence unit 'default'
WARN  23-06-24 15:50:05[main] [JpaBaseConfiguration$JpaWebConfiguration:219] - spring.jpa.open-in-view is enabled by default. Therefore, database queries may be performed during view rendering. Explicitly configure spring.jpa.open-in-view to disable this warning
INFO  23-06-24 15:50:05[main] [Http11NioProtocol:173] - Starting ProtocolHandler ["http-nio-8080"]
INFO  23-06-24 15:50:05[main] [TomcatWebServer:220] - Tomcat started on port(s): 8080 (http) with context path ''
INFO  23-06-24 15:50:05[main] [BoardApplication:61] - Started BoardApplication in 3.231 seconds (JVM running for 3.948)
INFO  23-06-24 15:50:07[http-nio-8080-exec-1] [[/]:173] - Initializing Spring DispatcherServlet 'dispatcherServlet'
INFO  23-06-24 15:50:07[http-nio-8080-exec-1] [DispatcherServlet:525] - Initializing Servlet 'dispatcherServlet'
INFO  23-06-24 15:50:07[http-nio-8080-exec-1] [DispatcherServlet:547] - Completed initialization in 1 ms
INFO  23-06-24 15:54:51[SpringApplicationShutdownHook] [LocalContainerEntityManagerFactoryBean:651] - Closing JPA EntityManagerFactory for persistence unit 'default'
INFO  23-06-24 15:54:51[SpringApplicationShutdownHook] [HikariDataSource:350] - HikariPool-1 - Shutdown initiated...
INFO  23-06-24 15:54:51[SpringApplicationShutdownHook] [HikariDataSource:352] - HikariPool-1 - Shutdown completed.
INFO  23-06-24 15:54:55[main] [BoardApplication:55] - Starting BoardApplication using Java 19.0.1 on DESKTOP-L6DFRQA with PID 16296 (C:\Users\Heo\Spring\board\out\production\classes started by Heo in C:\Users\Heo\Spring\board)
INFO  23-06-24 15:54:55[main] [BoardApplication:659] - No active profile set, falling back to default profiles: default
INFO  23-06-24 15:54:56[main] [RepositoryConfigurationDelegate:132] - Bootstrapping Spring Data JPA repositories in DEFAULT mode.
INFO  23-06-24 15:54:56[main] [RepositoryConfigurationDelegate:201] - Finished Spring Data repository scanning in 33 ms. Found 1 JPA repository interfaces.
INFO  23-06-24 15:54:56[main] [TomcatWebServer:108] - Tomcat initialized with port(s): 8080 (http)
INFO  23-06-24 15:54:56[main] [Http11NioProtocol:173] - Initializing ProtocolHandler ["http-nio-8080"]
INFO  23-06-24 15:54:56[main] [StandardService:173] - Starting service [Tomcat]
INFO  23-06-24 15:54:56[main] [StandardEngine:173] - Starting Servlet engine: [Apache Tomcat/9.0.52]
INFO  23-06-24 15:54:56[main] [[/]:173] - Initializing Spring embedded WebApplicationContext
INFO  23-06-24 15:54:56[main] [ServletWebServerApplicationContext:290] - Root WebApplicationContext: initialization completed in 1235 ms
INFO  23-06-24 15:54:57[main] [HikariDataSource:110] - HikariPool-1 - Starting...
INFO  23-06-24 15:54:57[main] [HikariDataSource:123] - HikariPool-1 - Start completed.
INFO  23-06-24 15:54:57[main] [LogHelper:31] - HHH000204: Processing PersistenceUnitInfo [name: default]
INFO  23-06-24 15:54:57[main] [Version:44] - HHH000412: Hibernate ORM core version 5.4.32.Final
INFO  23-06-24 15:54:57[main] [Version:56] - HCANN000001: Hibernate Commons Annotations {5.1.2.Final}
INFO  23-06-24 15:54:57[main] [Dialect:175] - HHH000400: Using dialect: org.hibernate.dialect.MariaDB53Dialect
INFO  23-06-24 15:54:57[main] [JtaPlatformInitiator:52] - HHH000490: Using JtaPlatform implementation: [org.hibernate.engine.transaction.jta.platform.internal.NoJtaPlatform]
INFO  23-06-24 15:54:57[main] [LocalContainerEntityManagerFactoryBean:437] - Initialized JPA EntityManagerFactory for persistence unit 'default'
WARN  23-06-24 15:54:58[main] [JpaBaseConfiguration$JpaWebConfiguration:219] - spring.jpa.open-in-view is enabled by default. Therefore, database queries may be performed during view rendering. Explicitly configure spring.jpa.open-in-view to disable this warning
INFO  23-06-24 15:54:58[main] [Http11NioProtocol:173] - Starting ProtocolHandler ["http-nio-8080"]
INFO  23-06-24 15:54:58[main] [TomcatWebServer:220] - Tomcat started on port(s): 8080 (http) with context path ''
INFO  23-06-24 15:54:58[main] [BoardApplication:61] - Started BoardApplication in 3.548 seconds (JVM running for 4.153)
INFO  23-06-24 15:54:59[http-nio-8080-exec-1] [[/]:173] - Initializing Spring DispatcherServlet 'dispatcherServlet'
INFO  23-06-24 15:54:59[http-nio-8080-exec-1] [DispatcherServlet:525] - Initializing Servlet 'dispatcherServlet'
INFO  23-06-24 15:54:59[http-nio-8080-exec-1] [DispatcherServlet:547] - Completed initialization in 1 ms
INFO  23-06-24 15:55:26[SpringApplicationShutdownHook] [LocalContainerEntityManagerFactoryBean:651] - Closing JPA EntityManagerFactory for persistence unit 'default'
INFO  23-06-24 15:55:26[SpringApplicationShutdownHook] [HikariDataSource:350] - HikariPool-1 - Shutdown initiated...
INFO  23-06-24 15:55:26[SpringApplicationShutdownHook] [HikariDataSource:352] - HikariPool-1 - Shutdown completed.
INFO  23-06-24 15:55:28[main] [BoardApplication:55] - Starting BoardApplication using Java 19.0.1 on DESKTOP-L6DFRQA with PID 16332 (C:\Users\Heo\Spring\board\out\production\classes started by Heo in C:\Users\Heo\Spring\board)
INFO  23-06-24 15:55:28[main] [BoardApplication:659] - No active profile set, falling back to default profiles: default
INFO  23-06-24 15:55:29[main] [RepositoryConfigurationDelegate:132] - Bootstrapping Spring Data JPA repositories in DEFAULT mode.
INFO  23-06-24 15:55:29[main] [RepositoryConfigurationDelegate:201] - Finished Spring Data repository scanning in 32 ms. Found 1 JPA repository interfaces.
INFO  23-06-24 15:55:29[main] [TomcatWebServer:108] - Tomcat initialized with port(s): 8080 (http)
INFO  23-06-24 15:55:29[main] [Http11NioProtocol:173] - Initializing ProtocolHandler ["http-nio-8080"]
INFO  23-06-24 15:55:29[main] [StandardService:173] - Starting service [Tomcat]
INFO  23-06-24 15:55:29[main] [StandardEngine:173] - Starting Servlet engine: [Apache Tomcat/9.0.52]
INFO  23-06-24 15:55:29[main] [[/]:173] - Initializing Spring embedded WebApplicationContext
INFO  23-06-24 15:55:29[main] [ServletWebServerApplicationContext:290] - Root WebApplicationContext: initialization completed in 1150 ms
INFO  23-06-24 15:55:29[main] [HikariDataSource:110] - HikariPool-1 - Starting...
INFO  23-06-24 15:55:29[main] [HikariDataSource:123] - HikariPool-1 - Start completed.
INFO  23-06-24 15:55:29[main] [LogHelper:31] - HHH000204: Processing PersistenceUnitInfo [name: default]
INFO  23-06-24 15:55:30[main] [Version:44] - HHH000412: Hibernate ORM core version 5.4.32.Final
INFO  23-06-24 15:55:30[main] [Version:56] - HCANN000001: Hibernate Commons Annotations {5.1.2.Final}
INFO  23-06-24 15:55:30[main] [Dialect:175] - HHH000400: Using dialect: org.hibernate.dialect.MariaDB53Dialect
INFO  23-06-24 15:55:30[main] [JtaPlatformInitiator:52] - HHH000490: Using JtaPlatform implementation: [org.hibernate.engine.transaction.jta.platform.internal.NoJtaPlatform]
INFO  23-06-24 15:55:30[main] [LocalContainerEntityManagerFactoryBean:437] - Initialized JPA EntityManagerFactory for persistence unit 'default'
WARN  23-06-24 15:55:30[main] [JpaBaseConfiguration$JpaWebConfiguration:219] - spring.jpa.open-in-view is enabled by default. Therefore, database queries may be performed during view rendering. Explicitly configure spring.jpa.open-in-view to disable this warning
INFO  23-06-24 15:55:31[main] [Http11NioProtocol:173] - Starting ProtocolHandler ["http-nio-8080"]
INFO  23-06-24 15:55:31[main] [TomcatWebServer:220] - Tomcat started on port(s): 8080 (http) with context path ''
INFO  23-06-24 15:55:31[main] [BoardApplication:61] - Started BoardApplication in 3.212 seconds (JVM running for 4.065)
INFO  23-06-24 15:55:34[http-nio-8080-exec-1] [[/]:173] - Initializing Spring DispatcherServlet 'dispatcherServlet'
INFO  23-06-24 15:55:34[http-nio-8080-exec-1] [DispatcherServlet:525] - Initializing Servlet 'dispatcherServlet'
INFO  23-06-24 15:55:34[http-nio-8080-exec-1] [DispatcherServlet:547] - Completed initialization in 0 ms
INFO  23-06-24 15:59:18[SpringApplicationShutdownHook] [LocalContainerEntityManagerFactoryBean:651] - Closing JPA EntityManagerFactory for persistence unit 'default'
INFO  23-06-24 15:59:18[SpringApplicationShutdownHook] [HikariDataSource:350] - HikariPool-1 - Shutdown initiated...
INFO  23-06-24 15:59:18[SpringApplicationShutdownHook] [HikariDataSource:352] - HikariPool-1 - Shutdown completed.
INFO  23-06-24 15:59:21[main] [BoardApplication:55] - Starting BoardApplication using Java 19.0.1 on DESKTOP-L6DFRQA with PID 12080 (C:\Users\Heo\Spring\board\out\production\classes started by Heo in C:\Users\Heo\Spring\board)
INFO  23-06-24 15:59:21[main] [BoardApplication:659] - No active profile set, falling back to default profiles: default
INFO  23-06-24 15:59:22[main] [RepositoryConfigurationDelegate:132] - Bootstrapping Spring Data JPA repositories in DEFAULT mode.
INFO  23-06-24 15:59:22[main] [RepositoryConfigurationDelegate:201] - Finished Spring Data repository scanning in 33 ms. Found 1 JPA repository interfaces.
INFO  23-06-24 15:59:22[main] [TomcatWebServer:108] - Tomcat initialized with port(s): 8080 (http)
INFO  23-06-24 15:59:22[main] [Http11NioProtocol:173] - Initializing ProtocolHandler ["http-nio-8080"]
INFO  23-06-24 15:59:22[main] [StandardService:173] - Starting service [Tomcat]
INFO  23-06-24 15:59:22[main] [StandardEngine:173] - Starting Servlet engine: [Apache Tomcat/9.0.52]
INFO  23-06-24 15:59:22[main] [[/]:173] - Initializing Spring embedded WebApplicationContext
INFO  23-06-24 15:59:22[main] [ServletWebServerApplicationContext:290] - Root WebApplicationContext: initialization completed in 1148 ms
INFO  23-06-24 15:59:22[main] [HikariDataSource:110] - HikariPool-1 - Starting...
INFO  23-06-24 15:59:22[main] [HikariDataSource:123] - HikariPool-1 - Start completed.
INFO  23-06-24 15:59:23[main] [LogHelper:31] - HHH000204: Processing PersistenceUnitInfo [name: default]
INFO  23-06-24 15:59:23[main] [Version:44] - HHH000412: Hibernate ORM core version 5.4.32.Final
INFO  23-06-24 15:59:23[main] [Version:56] - HCANN000001: Hibernate Commons Annotations {5.1.2.Final}
INFO  23-06-24 15:59:23[main] [Dialect:175] - HHH000400: Using dialect: org.hibernate.dialect.MariaDB53Dialect
INFO  23-06-24 15:59:23[main] [JtaPlatformInitiator:52] - HHH000490: Using JtaPlatform implementation: [org.hibernate.engine.transaction.jta.platform.internal.NoJtaPlatform]
INFO  23-06-24 15:59:23[main] [LocalContainerEntityManagerFactoryBean:437] - Initialized JPA EntityManagerFactory for persistence unit 'default'
WARN  23-06-24 15:59:23[main] [JpaBaseConfiguration$JpaWebConfiguration:219] - spring.jpa.open-in-view is enabled by default. Therefore, database queries may be performed during view rendering. Explicitly configure spring.jpa.open-in-view to disable this warning
INFO  23-06-24 15:59:24[main] [Http11NioProtocol:173] - Starting ProtocolHandler ["http-nio-8080"]
INFO  23-06-24 15:59:24[main] [TomcatWebServer:220] - Tomcat started on port(s): 8080 (http) with context path ''
INFO  23-06-24 15:59:24[main] [BoardApplication:61] - Started BoardApplication in 3.203 seconds (JVM running for 3.747)
INFO  23-06-24 15:59:26[http-nio-8080-exec-1] [[/]:173] - Initializing Spring DispatcherServlet 'dispatcherServlet'
INFO  23-06-24 15:59:26[http-nio-8080-exec-1] [DispatcherServlet:525] - Initializing Servlet 'dispatcherServlet'
INFO  23-06-24 15:59:26[http-nio-8080-exec-1] [DispatcherServlet:547] - Completed initialization in 1 ms
ERROR 23-06-24 15:59:44[http-nio-8080-exec-7] [[dispatcherServlet]:175] - Servlet.service() for servlet [dispatcherServlet] in context with path [] threw exception [Request processing failed; nested exception is java.lang.NullPointerException: Cannot invoke "org.springframework.web.multipart.MultipartFile.getOriginalFilename()" because "file" is null] with root cause
java.lang.NullPointerException: Cannot invoke "org.springframework.web.multipart.MultipartFile.getOriginalFilename()" because "file" is null
	at com.studyproject.board.service.BoardService.write(BoardService.java:26)
	at com.studyproject.board.controller.BoardController.boardUpdate(BoardController.java:93)
	at java.base/jdk.internal.reflect.DirectMethodHandleAccessor.invoke(DirectMethodHandleAccessor.java:104)
	at java.base/java.lang.reflect.Method.invoke(Method.java:578)
	at org.springframework.web.method.support.InvocableHandlerMethod.doInvoke(InvocableHandlerMethod.java:197)
	at org.springframework.web.method.support.InvocableHandlerMethod.invokeForRequest(InvocableHandlerMethod.java:141)
	at org.springframework.web.servlet.mvc.method.annotation.ServletInvocableHandlerMethod.invokeAndHandle(ServletInvocableHandlerMethod.java:106)
	at org.springframework.web.servlet.mvc.method.annotation.RequestMappingHandlerAdapter.invokeHandlerMethod(RequestMappingHandlerAdapter.java:895)
	at org.springframework.web.servlet.mvc.method.annotation.RequestMappingHandlerAdapter.handleInternal(RequestMappingHandlerAdapter.java:808)
	at org.springframework.web.servlet.mvc.method.AbstractHandlerMethodAdapter.handle(AbstractHandlerMethodAdapter.java:87)
	at org.springframework.web.servlet.DispatcherServlet.doDispatch(DispatcherServlet.java:1064)
	at org.springframework.web.servlet.DispatcherServlet.doService(DispatcherServlet.java:963)
	at org.springframework.web.servlet.FrameworkServlet.processRequest(FrameworkServlet.java:1006)
	at org.springframework.web.servlet.FrameworkServlet.doPost(FrameworkServlet.java:909)
	at javax.servlet.http.HttpServlet.service(HttpServlet.java:681)
	at org.springframework.web.servlet.FrameworkServlet.service(FrameworkServlet.java:883)
	at javax.servlet.http.HttpServlet.service(HttpServlet.java:764)
	at org.apache.catalina.core.ApplicationFilterChain.internalDoFilter(ApplicationFilterChain.java:227)
	at org.apache.catalina.core.ApplicationFilterChain.doFilter(ApplicationFilterChain.java:162)
	at org.apache.tomcat.websocket.server.WsFilter.doFilter(WsFilter.java:53)
	at org.apache.catalina.core.ApplicationFilterChain.internalDoFilter(ApplicationFilterChain.java:189)
	at org.apache.catalina.core.ApplicationFilterChain.doFilter(ApplicationFilterChain.java:162)
	at org.springframework.web.filter.RequestContextFilter.doFilterInternal(RequestContextFilter.java:100)
	at org.springframework.web.filter.OncePerRequestFilter.doFilter(OncePerRequestFilter.java:119)
	at org.apache.catalina.core.ApplicationFilterChain.internalDoFilter(ApplicationFilterChain.java:189)
	at org.apache.catalina.core.ApplicationFilterChain.doFilter(ApplicationFilterChain.java:162)
	at org.springframework.web.filter.FormContentFilter.doFilterInternal(FormContentFilter.java:93)
	at org.springframework.web.filter.OncePerRequestFilter.doFilter(OncePerRequestFilter.java:119)
	at org.apache.catalina.core.ApplicationFilterChain.internalDoFilter(ApplicationFilterChain.java:189)
	at org.apache.catalina.core.ApplicationFilterChain.doFilter(ApplicationFilterChain.java:162)
	at org.springframework.web.filter.CharacterEncodingFilter.doFilterInternal(CharacterEncodingFilter.java:201)
	at org.springframework.web.filter.OncePerRequestFilter.doFilter(OncePerRequestFilter.java:119)
	at org.apache.catalina.core.ApplicationFilterChain.internalDoFilter(ApplicationFilterChain.java:189)
	at org.apache.catalina.core.ApplicationFilterChain.doFilter(ApplicationFilterChain.java:162)
	at org.apache.catalina.core.StandardWrapperValve.invoke(StandardWrapperValve.java:197)
	at org.apache.catalina.core.StandardContextValve.invoke(StandardContextValve.java:97)
	at org.apache.catalina.authenticator.AuthenticatorBase.invoke(AuthenticatorBase.java:542)
	at org.apache.catalina.core.StandardHostValve.invoke(StandardHostValve.java:135)
	at org.apache.catalina.valves.ErrorReportValve.invoke(ErrorReportValve.java:92)
	at org.apache.catalina.core.StandardEngineValve.invoke(StandardEngineValve.java:78)
	at org.apache.catalina.connector.CoyoteAdapter.service(CoyoteAdapter.java:357)
	at org.apache.coyote.http11.Http11Processor.service(Http11Processor.java:382)
	at org.apache.coyote.AbstractProcessorLight.process(AbstractProcessorLight.java:65)
	at org.apache.coyote.AbstractProtocol$ConnectionHandler.process(AbstractProtocol.java:893)
	at org.apache.tomcat.util.net.NioEndpoint$SocketProcessor.doRun(NioEndpoint.java:1726)
	at org.apache.tomcat.util.net.SocketProcessorBase.run(SocketProcessorBase.java:49)
	at org.apache.tomcat.util.threads.ThreadPoolExecutor.runWorker(ThreadPoolExecutor.java:1191)
	at org.apache.tomcat.util.threads.ThreadPoolExecutor$Worker.run(ThreadPoolExecutor.java:659)
	at org.apache.tomcat.util.threads.TaskThread$WrappingRunnable.run(TaskThread.java:61)
	at java.base/java.lang.Thread.run(Thread.java:1589)
INFO  23-06-24 16:00:40[SpringApplicationShutdownHook] [LocalContainerEntityManagerFactoryBean:651] - Closing JPA EntityManagerFactory for persistence unit 'default'
INFO  23-06-24 16:00:40[SpringApplicationShutdownHook] [HikariDataSource:350] - HikariPool-1 - Shutdown initiated...
INFO  23-06-24 16:00:40[SpringApplicationShutdownHook] [HikariDataSource:352] - HikariPool-1 - Shutdown completed.
INFO  23-06-24 16:00:44[main] [BoardApplication:55] - Starting BoardApplication using Java 19.0.1 on DESKTOP-L6DFRQA with PID 14212 (C:\Users\Heo\Spring\board\out\production\classes started by Heo in C:\Users\Heo\Spring\board)
INFO  23-06-24 16:00:44[main] [BoardApplication:659] - No active profile set, falling back to default profiles: default
INFO  23-06-24 16:00:44[main] [RepositoryConfigurationDelegate:132] - Bootstrapping Spring Data JPA repositories in DEFAULT mode.
INFO  23-06-24 16:00:45[main] [RepositoryConfigurationDelegate:201] - Finished Spring Data repository scanning in 33 ms. Found 1 JPA repository interfaces.
INFO  23-06-24 16:00:45[main] [TomcatWebServer:108] - Tomcat initialized with port(s): 8080 (http)
INFO  23-06-24 16:00:45[main] [Http11NioProtocol:173] - Initializing ProtocolHandler ["http-nio-8080"]
INFO  23-06-24 16:00:45[main] [StandardService:173] - Starting service [Tomcat]
INFO  23-06-24 16:00:45[main] [StandardEngine:173] - Starting Servlet engine: [Apache Tomcat/9.0.52]
INFO  23-06-24 16:00:45[main] [[/]:173] - Initializing Spring embedded WebApplicationContext
INFO  23-06-24 16:00:45[main] [ServletWebServerApplicationContext:290] - Root WebApplicationContext: initialization completed in 1185 ms
INFO  23-06-24 16:00:45[main] [HikariDataSource:110] - HikariPool-1 - Starting...
INFO  23-06-24 16:00:45[main] [HikariDataSource:123] - HikariPool-1 - Start completed.
INFO  23-06-24 16:00:45[main] [LogHelper:31] - HHH000204: Processing PersistenceUnitInfo [name: default]
INFO  23-06-24 16:00:45[main] [Version:44] - HHH000412: Hibernate ORM core version 5.4.32.Final
INFO  23-06-24 16:00:45[main] [Version:56] - HCANN000001: Hibernate Commons Annotations {5.1.2.Final}
INFO  23-06-24 16:00:45[main] [Dialect:175] - HHH000400: Using dialect: org.hibernate.dialect.MariaDB53Dialect
INFO  23-06-24 16:00:46[main] [JtaPlatformInitiator:52] - HHH000490: Using JtaPlatform implementation: [org.hibernate.engine.transaction.jta.platform.internal.NoJtaPlatform]
INFO  23-06-24 16:00:46[main] [LocalContainerEntityManagerFactoryBean:437] - Initialized JPA EntityManagerFactory for persistence unit 'default'
WARN  23-06-24 16:00:46[main] [JpaBaseConfiguration$JpaWebConfiguration:219] - spring.jpa.open-in-view is enabled by default. Therefore, database queries may be performed during view rendering. Explicitly configure spring.jpa.open-in-view to disable this warning
INFO  23-06-24 16:00:47[main] [Http11NioProtocol:173] - Starting ProtocolHandler ["http-nio-8080"]
INFO  23-06-24 16:00:47[main] [TomcatWebServer:220] - Tomcat started on port(s): 8080 (http) with context path ''
INFO  23-06-24 16:00:47[main] [BoardApplication:61] - Started BoardApplication in 3.266 seconds (JVM running for 3.787)
INFO  23-06-24 16:00:47[http-nio-8080-exec-1] [[/]:173] - Initializing Spring DispatcherServlet 'dispatcherServlet'
INFO  23-06-24 16:00:47[http-nio-8080-exec-1] [DispatcherServlet:525] - Initializing Servlet 'dispatcherServlet'
INFO  23-06-24 16:00:47[http-nio-8080-exec-1] [DispatcherServlet:547] - Completed initialization in 1 ms
ERROR 23-06-24 16:00:56[http-nio-8080-exec-6] [[dispatcherServlet]:175] - Servlet.service() for servlet [dispatcherServlet] in context with path [] threw exception [Request processing failed; nested exception is java.lang.NullPointerException: Cannot invoke "org.springframework.web.multipart.MultipartFile.getOriginalFilename()" because "file" is null] with root cause
java.lang.NullPointerException: Cannot invoke "org.springframework.web.multipart.MultipartFile.getOriginalFilename()" because "file" is null
	at com.studyproject.board.service.BoardService.write(BoardService.java:26)
	at com.studyproject.board.controller.BoardController.boardUpdate(BoardController.java:93)
	at java.base/jdk.internal.reflect.DirectMethodHandleAccessor.invoke(DirectMethodHandleAccessor.java:104)
	at java.base/java.lang.reflect.Method.invoke(Method.java:578)
	at org.springframework.web.method.support.InvocableHandlerMethod.doInvoke(InvocableHandlerMethod.java:197)
	at org.springframework.web.method.support.InvocableHandlerMethod.invokeForRequest(InvocableHandlerMethod.java:141)
	at org.springframework.web.servlet.mvc.method.annotation.ServletInvocableHandlerMethod.invokeAndHandle(ServletInvocableHandlerMethod.java:106)
	at org.springframework.web.servlet.mvc.method.annotation.RequestMappingHandlerAdapter.invokeHandlerMethod(RequestMappingHandlerAdapter.java:895)
	at org.springframework.web.servlet.mvc.method.annotation.RequestMappingHandlerAdapter.handleInternal(RequestMappingHandlerAdapter.java:808)
	at org.springframework.web.servlet.mvc.method.AbstractHandlerMethodAdapter.handle(AbstractHandlerMethodAdapter.java:87)
	at org.springframework.web.servlet.DispatcherServlet.doDispatch(DispatcherServlet.java:1064)
	at org.springframework.web.servlet.DispatcherServlet.doService(DispatcherServlet.java:963)
	at org.springframework.web.servlet.FrameworkServlet.processRequest(FrameworkServlet.java:1006)
	at org.springframework.web.servlet.FrameworkServlet.doPost(FrameworkServlet.java:909)
	at javax.servlet.http.HttpServlet.service(HttpServlet.java:681)
	at org.springframework.web.servlet.FrameworkServlet.service(FrameworkServlet.java:883)
	at javax.servlet.http.HttpServlet.service(HttpServlet.java:764)
	at org.apache.catalina.core.ApplicationFilterChain.internalDoFilter(ApplicationFilterChain.java:227)
	at org.apache.catalina.core.ApplicationFilterChain.doFilter(ApplicationFilterChain.java:162)
	at org.apache.tomcat.websocket.server.WsFilter.doFilter(WsFilter.java:53)
	at org.apache.catalina.core.ApplicationFilterChain.internalDoFilter(ApplicationFilterChain.java:189)
	at org.apache.catalina.core.ApplicationFilterChain.doFilter(ApplicationFilterChain.java:162)
	at org.springframework.web.filter.RequestContextFilter.doFilterInternal(RequestContextFilter.java:100)
	at org.springframework.web.filter.OncePerRequestFilter.doFilter(OncePerRequestFilter.java:119)
	at org.apache.catalina.core.ApplicationFilterChain.internalDoFilter(ApplicationFilterChain.java:189)
	at org.apache.catalina.core.ApplicationFilterChain.doFilter(ApplicationFilterChain.java:162)
	at org.springframework.web.filter.FormContentFilter.doFilterInternal(FormContentFilter.java:93)
	at org.springframework.web.filter.OncePerRequestFilter.doFilter(OncePerRequestFilter.java:119)
	at org.apache.catalina.core.ApplicationFilterChain.internalDoFilter(ApplicationFilterChain.java:189)
	at org.apache.catalina.core.ApplicationFilterChain.doFilter(ApplicationFilterChain.java:162)
	at org.springframework.web.filter.CharacterEncodingFilter.doFilterInternal(CharacterEncodingFilter.java:201)
	at org.springframework.web.filter.OncePerRequestFilter.doFilter(OncePerRequestFilter.java:119)
	at org.apache.catalina.core.ApplicationFilterChain.internalDoFilter(ApplicationFilterChain.java:189)
	at org.apache.catalina.core.ApplicationFilterChain.doFilter(ApplicationFilterChain.java:162)
	at org.apache.catalina.core.StandardWrapperValve.invoke(StandardWrapperValve.java:197)
	at org.apache.catalina.core.StandardContextValve.invoke(StandardContextValve.java:97)
	at org.apache.catalina.authenticator.AuthenticatorBase.invoke(AuthenticatorBase.java:542)
	at org.apache.catalina.core.StandardHostValve.invoke(StandardHostValve.java:135)
	at org.apache.catalina.valves.ErrorReportValve.invoke(ErrorReportValve.java:92)
	at org.apache.catalina.core.StandardEngineValve.invoke(StandardEngineValve.java:78)
	at org.apache.catalina.connector.CoyoteAdapter.service(CoyoteAdapter.java:357)
	at org.apache.coyote.http11.Http11Processor.service(Http11Processor.java:382)
	at org.apache.coyote.AbstractProcessorLight.process(AbstractProcessorLight.java:65)
	at org.apache.coyote.AbstractProtocol$ConnectionHandler.process(AbstractProtocol.java:893)
	at org.apache.tomcat.util.net.NioEndpoint$SocketProcessor.doRun(NioEndpoint.java:1726)
	at org.apache.tomcat.util.net.SocketProcessorBase.run(SocketProcessorBase.java:49)
	at org.apache.tomcat.util.threads.ThreadPoolExecutor.runWorker(ThreadPoolExecutor.java:1191)
	at org.apache.tomcat.util.threads.ThreadPoolExecutor$Worker.run(ThreadPoolExecutor.java:659)
	at org.apache.tomcat.util.threads.TaskThread$WrappingRunnable.run(TaskThread.java:61)
	at java.base/java.lang.Thread.run(Thread.java:1589)
INFO  23-06-24 16:01:23[SpringApplicationShutdownHook] [LocalContainerEntityManagerFactoryBean:651] - Closing JPA EntityManagerFactory for persistence unit 'default'
INFO  23-06-24 16:01:23[SpringApplicationShutdownHook] [HikariDataSource:350] - HikariPool-1 - Shutdown initiated...
INFO  23-06-24 16:01:23[SpringApplicationShutdownHook] [HikariDataSource:352] - HikariPool-1 - Shutdown completed.
