INFO  23-06-21 16:36:43[main] [BoardApplication:55] - Starting BoardApplication using Java 19.0.1 on DESKTOP-L6DFRQA with PID 18012 (C:\Users\Heo\Spring\board\out\production\classes started by Heo in C:\Users\Heo\Spring\board)
INFO  23-06-21 16:36:43[main] [BoardApplication:659] - No active profile set, falling back to default profiles: default
INFO  23-06-21 16:36:44[main] [RepositoryConfigurationDelegate:132] - Bootstrapping Spring Data JPA repositories in DEFAULT mode.
INFO  23-06-21 16:36:44[main] [RepositoryConfigurationDelegate:201] - Finished Spring Data repository scanning in 30 ms. Found 1 JPA repository interfaces.
INFO  23-06-21 16:36:44[main] [TomcatWebServer:108] - Tomcat initialized with port(s): 8080 (http)
INFO  23-06-21 16:36:44[main] [Http11NioProtocol:173] - Initializing ProtocolHandler ["http-nio-8080"]
INFO  23-06-21 16:36:44[main] [StandardService:173] - Starting service [Tomcat]
INFO  23-06-21 16:36:44[main] [StandardEngine:173] - Starting Servlet engine: [Apache Tomcat/9.0.52]
INFO  23-06-21 16:36:44[main] [[/]:173] - Initializing Spring embedded WebApplicationContext
INFO  23-06-21 16:36:44[main] [ServletWebServerApplicationContext:290] - Root WebApplicationContext: initialization completed in 1155 ms
INFO  23-06-21 16:36:45[main] [HikariDataSource:110] - HikariPool-1 - Starting...
INFO  23-06-21 16:36:45[main] [HikariDataSource:123] - HikariPool-1 - Start completed.
INFO  23-06-21 16:36:45[main] [LogHelper:31] - HHH000204: Processing PersistenceUnitInfo [name: default]
INFO  23-06-21 16:36:45[main] [Version:44] - HHH000412: Hibernate ORM core version 5.4.32.Final
INFO  23-06-21 16:36:45[main] [Version:56] - HCANN000001: Hibernate Commons Annotations {5.1.2.Final}
INFO  23-06-21 16:36:45[main] [Dialect:175] - HHH000400: Using dialect: org.hibernate.dialect.MariaDB53Dialect
INFO  23-06-21 16:36:45[main] [JtaPlatformInitiator:52] - HHH000490: Using JtaPlatform implementation: [org.hibernate.engine.transaction.jta.platform.internal.NoJtaPlatform]
INFO  23-06-21 16:36:45[main] [LocalContainerEntityManagerFactoryBean:437] - Initialized JPA EntityManagerFactory for persistence unit 'default'
WARN  23-06-21 16:36:46[main] [JpaBaseConfiguration$JpaWebConfiguration:219] - spring.jpa.open-in-view is enabled by default. Therefore, database queries may be performed during view rendering. Explicitly configure spring.jpa.open-in-view to disable this warning
INFO  23-06-21 16:36:46[main] [Http11NioProtocol:173] - Starting ProtocolHandler ["http-nio-8080"]
INFO  23-06-21 16:36:46[main] [TomcatWebServer:220] - Tomcat started on port(s): 8080 (http) with context path ''
INFO  23-06-21 16:36:46[main] [BoardApplication:61] - Started BoardApplication in 3.19 seconds (JVM running for 3.747)
INFO  23-06-21 16:37:48[http-nio-8080-exec-1] [[/]:173] - Initializing Spring DispatcherServlet 'dispatcherServlet'
INFO  23-06-21 16:37:48[http-nio-8080-exec-1] [DispatcherServlet:525] - Initializing Servlet 'dispatcherServlet'
INFO  23-06-21 16:37:48[http-nio-8080-exec-1] [DispatcherServlet:547] - Completed initialization in 1 ms
INFO  23-06-21 16:37:48[http-nio-8080-exec-1] [TestController:16] - INFO level
WARN  23-06-21 16:37:48[http-nio-8080-exec-1] [TestController:17] - WARN level
ERROR 23-06-21 16:37:48[http-nio-8080-exec-1] [TestController:18] - Error level
INFO  23-06-21 16:39:26[http-nio-8080-exec-3] [TestController:16] - INFO level
WARN  23-06-21 16:39:26[http-nio-8080-exec-3] [TestController:17] - WARN level
ERROR 23-06-21 16:39:26[http-nio-8080-exec-3] [TestController:18] - Error level
INFO  23-06-21 16:40:18[SpringApplicationShutdownHook] [LocalContainerEntityManagerFactoryBean:651] - Closing JPA EntityManagerFactory for persistence unit 'default'
INFO  23-06-21 16:40:18[SpringApplicationShutdownHook] [HikariDataSource:350] - HikariPool-1 - Shutdown initiated...
INFO  23-06-21 16:40:18[SpringApplicationShutdownHook] [HikariDataSource:352] - HikariPool-1 - Shutdown completed.
